#
# There is insufficient memory for the Java Runtime Environment to continue.
# Native memory allocation (mmap) failed to map 67108864 bytes. Error detail: G1 virtual space
# Possible reasons:
#   The system is out of physical RAM or swap space
#   This process is running with CompressedOops enabled, and the Java Heap may be blocking the growth of the native heap
# Possible solutions:
#   Reduce memory load on the system
#   Increase physical memory or swap space
#   Check if swap backing store is full
#   Decrease Java heap size (-Xmx/-Xms)
#   Decrease number of Java threads
#   Decrease Java thread stack sizes (-Xss)
#   Set larger code cache with -XX:ReservedCodeCacheSize=
#   JVM is running with Unscaled Compressed Oops mode in which the Java heap is
#     placed in the first 4GB address space. The Java Heap base address is the
#     maximum limit for the native heap growth. Please use -XX:HeapBaseMinAddress
#     to set the Java Heap base and to place the Java Heap above 4GB virtual address.
# This output file may be truncated or incomplete.
#
#  Out of Memory Error (os_windows.cpp:3703), pid=10012, tid=4328
#
# JRE version:  (23.0+37) (build )
# Java VM: OpenJDK 64-Bit Server VM (23+37, mixed mode, sharing, tiered, compressed oops, compressed class ptrs, g1 gc, windows-amd64)
# No core dump will be written. Minidumps are not enabled by default on client versions of Windows
#

---------------  S U M M A R Y ------------

Command Line: -Dfile.encoding=UTF-8 -Dstdout.encoding=UTF-8 -Dstderr.encoding=UTF-8 --module-path=C:\Users\Pithon\Documents\EstruturaDeDados\bin -XX:+ShowCodeDetailsInExceptionMessages -Djdk.module.main=EstruturaDeDados EstruturaDeDados/ListaPilha.Questao05

Host: Intel(R) Core(TM) i3-7020U CPU @ 2.30GHz, 4 cores, 3G,  Windows 10 , 64 bit Build 19041 (10.0.19041.5198)
Time: Wed May  7 11:45:35 2025 Hora oficial do Brasil elapsed time: 0.132106 seconds (0d 0h 0m 0s)

---------------  T H R E A D  ---------------

Current thread (0x0000013bf9c3ced0):  JavaThread "Unknown thread" [_thread_in_vm, id=4328, stack(0x00000039cc900000,0x00000039cca00000) (1024K)]

Stack: [0x00000039cc900000,0x00000039cca00000]
Native frames: (J=compiled Java code, j=interpreted, Vv=VM code, C=native code)
V  [jvm.dll+0x6e8c69]  (no source info available)
V  [jvm.dll+0x8d9073]  (no source info available)
V  [jvm.dll+0x8db4fe]  (no source info available)
V  [jvm.dll+0x8dbbd3]  (no source info available)
V  [jvm.dll+0x281aa6]  (no source info available)
V  [jvm.dll+0x6e5565]  (no source info available)
V  [jvm.dll+0x6d957a]  (no source info available)
V  [jvm.dll+0x3625fa]  (no source info available)
V  [jvm.dll+0x36aa26]  (no source info available)
V  [jvm.dll+0x356fce]  (no source info available)
V  [jvm.dll+0x357268]  (no source info available)
V  [jvm.dll+0x32fbfc]  (no source info available)
V  [jvm.dll+0x33089e]  (no source info available)
V  [jvm.dll+0x89f915]  (no source info available)
V  [jvm.dll+0x3bfe88]  (no source info available)
V  [jvm.dll+0x88845c]  (no source info available)
V  [jvm.dll+0x45a16e]  (no source info available)
V  [jvm.dll+0x45bf81]  (no source info available)
C  [jli.dll+0x5278]  (no source info available)
C  [ucrtbase.dll+0x21bb2]  (no source info available)
C  [KERNEL32.DLL+0x17374]  (no source info available)
C  [ntdll.dll+0x4cc91]  (no source info available)

Lock stack of current Java thread (top to bottom):


---------------  P R O C E S S  ---------------

Threads class SMR info:
_java_thread_list=0x00007ffaaba98ad8, length=0, elements={
}

Java Threads: ( => current thread )
Total: 0

Other Threads:
  0x0000013bfbf48080 WorkerThread "GC Thread#0"                     [id=9152, stack(0x00000039cca00000,0x00000039ccb00000) (1024K)]
  0x0000013bfbf6fc30 ConcurrentGCThread "G1 Main Marker"            [id=6620, stack(0x00000039ccb00000,0x00000039ccc00000) (1024K)]
  0x0000013bfbf70740 WorkerThread "G1 Conc#0"                       [id=2976, stack(0x00000039ccc00000,0x00000039ccd00000) (1024K)]

[error occurred during error reporting (printing all threads), id 0xc0000005, EXCEPTION_ACCESS_VIOLATION (0xc0000005) at pc=0x00007ffaab17326a]
VM state: not at safepoint (not fully initialized)

VM Mutex/Monitor currently owned by a thread:  ([mutex/lock_event])
[0x00007ffaabb1be70] Heap_lock - owner thread: 0x0000013bf9c3ced0

Heap address: 0x00000000c1400000, size: 1004 MB, Compressed Oops mode: 32-bit

CDS archive(s) mapped at: [0x0000000000000000-0x0000000000000000-0x0000000000000000), size 0, SharedBaseAddress: 0x0000000800000000, ArchiveRelocationMode: 1.
Narrow klass base: 0x0000000000000000, Narrow klass shift: 0, Narrow klass range: 0x0

GC Precious Log:
 CardTable entry size: 512
 Card Set container configuration: InlinePtr #cards 5 size 8 Array Of Cards #cards 10 size 36 Howl #buckets 4 coarsen threshold 1843 Howl Bitmap #cards 512 size 80 coarsen threshold 460 Card regions per heap region 1 cards per card region 2048

Heap:
 garbage-first heap   total reserved 1028096K, committed 0K, used 0K [0x00000000c1400000, 0x0000000100000000)
  region size 1024K, 0 young (0K), 0 survivors (0K)

[error occurred during error reporting (printing heap information), id 0xc0000005, EXCEPTION_ACCESS_VIOLATION (0xc0000005) at pc=0x00007ffaab5751e9]
GC Heap History (0 events):
No events

Dll operation events (1 events):
Event: 0.030 Loaded shared library C:\Users\Pithon\.p2\pool\plugins\org.eclipse.justj.openjdk.hotspot.jre.full.win32.x86_64_23.0.0.v20240919-1706\jre\bin\java.dll

Deoptimization events (0 events):
No events

Classes loaded (0 events):
No events

Classes unloaded (0 events):
No events

Classes redefined (0 events):
No events

Internal exceptions (0 events):
No events

VM Operations (0 events):
No events

Memory protections (0 events):
No events

Nmethod flushes (0 events):
No events

Events (0 events):
No events


Dynamic libraries:
0x00007ff733630000 - 0x00007ff73363e000 	C:\Users\Pithon\.p2\pool\plugins\org.eclipse.justj.openjdk.hotspot.jre.full.win32.x86_64_23.0.0.v20240919-1706\jre\bin\javaw.exe
0x00007ffae95f0000 - 0x00007ffae97e8000 	C:\WINDOWS\SYSTEM32\ntdll.dll
0x00007ffae7b90000 - 0x00007ffae7c52000 	C:\WINDOWS\System32\KERNEL32.DLL
0x00007ffae6e50000 - 0x00007ffae714e000 	C:\WINDOWS\System32\KERNELBASE.dll
0x00007ffae6c90000 - 0x00007ffae6d90000 	C:\WINDOWS\System32\ucrtbase.dll
0x00007ffad7630000 - 0x00007ffad7647000 	C:\Users\Pithon\.p2\pool\plugins\org.eclipse.justj.openjdk.hotspot.jre.full.win32.x86_64_23.0.0.v20240919-1706\jre\bin\jli.dll
0x00007ffadab10000 - 0x00007ffadab2b000 	C:\Users\Pithon\.p2\pool\plugins\org.eclipse.justj.openjdk.hotspot.jre.full.win32.x86_64_23.0.0.v20240919-1706\jre\bin\VCRUNTIME140.dll
0x00007ffae8f00000 - 0x00007ffae909d000 	C:\WINDOWS\System32\USER32.dll
0x00007ffae75e0000 - 0x00007ffae7602000 	C:\WINDOWS\System32\win32u.dll
0x00007ffae8c00000 - 0x00007ffae8c2b000 	C:\WINDOWS\System32\GDI32.dll
0x00007ffad5600000 - 0x00007ffad589a000 	C:\WINDOWS\WinSxS\amd64_microsoft.windows.common-controls_6595b64144ccf1df_6.0.19041.4355_none_60b8b9eb71f62e16\COMCTL32.dll
0x00007ffae74c0000 - 0x00007ffae75d7000 	C:\WINDOWS\System32\gdi32full.dll
0x00007ffae8730000 - 0x00007ffae87ce000 	C:\WINDOWS\System32\msvcrt.dll
0x00007ffae7360000 - 0x00007ffae73fd000 	C:\WINDOWS\System32\msvcp_win.dll
0x00007ffae93f0000 - 0x00007ffae941f000 	C:\WINDOWS\System32\IMM32.DLL
0x00007ffae0680000 - 0x00007ffae068c000 	C:\Users\Pithon\.p2\pool\plugins\org.eclipse.justj.openjdk.hotspot.jre.full.win32.x86_64_23.0.0.v20240919-1706\jre\bin\vcruntime140_1.dll
0x00007ffac6f80000 - 0x00007ffac700e000 	C:\Users\Pithon\.p2\pool\plugins\org.eclipse.justj.openjdk.hotspot.jre.full.win32.x86_64_23.0.0.v20240919-1706\jre\bin\msvcp140.dll
0x00007ffaaae30000 - 0x00007ffaabbfd000 	C:\Users\Pithon\.p2\pool\plugins\org.eclipse.justj.openjdk.hotspot.jre.full.win32.x86_64_23.0.0.v20240919-1706\jre\bin\server\jvm.dll
0x00007ffae8960000 - 0x00007ffae8a11000 	C:\WINDOWS\System32\ADVAPI32.dll
0x00007ffae7af0000 - 0x00007ffae7b8f000 	C:\WINDOWS\System32\sechost.dll
0x00007ffae8d00000 - 0x00007ffae8e23000 	C:\WINDOWS\System32\RPCRT4.dll
0x00007ffae6e20000 - 0x00007ffae6e47000 	C:\WINDOWS\System32\bcrypt.dll
0x00007ffae8e90000 - 0x00007ffae8efb000 	C:\WINDOWS\System32\WS2_32.dll
0x00007ffae6b60000 - 0x00007ffae6bab000 	C:\WINDOWS\SYSTEM32\POWRPROF.dll
0x00007ffac2070000 - 0x00007ffac2097000 	C:\WINDOWS\SYSTEM32\WINMM.dll
0x00007ffade310000 - 0x00007ffade31a000 	C:\WINDOWS\SYSTEM32\VERSION.dll
0x00007ffae6b00000 - 0x00007ffae6b12000 	C:\WINDOWS\SYSTEM32\UMPDC.dll
0x00007ffae5750000 - 0x00007ffae5762000 	C:\WINDOWS\SYSTEM32\kernel.appcore.dll
0x00007ffae0640000 - 0x00007ffae064a000 	C:\Users\Pithon\.p2\pool\plugins\org.eclipse.justj.openjdk.hotspot.jre.full.win32.x86_64_23.0.0.v20240919-1706\jre\bin\jimage.dll
0x00007ffae5220000 - 0x00007ffae5404000 	C:\WINDOWS\SYSTEM32\DBGHELP.DLL
0x00007ffac6880000 - 0x00007ffac68b4000 	C:\WINDOWS\SYSTEM32\dbgcore.DLL
0x00007ffae6d90000 - 0x00007ffae6e12000 	C:\WINDOWS\System32\bcryptPrimitives.dll
0x00007ffade490000 - 0x00007ffade4ae000 	C:\Users\Pithon\.p2\pool\plugins\org.eclipse.justj.openjdk.hotspot.jre.full.win32.x86_64_23.0.0.v20240919-1706\jre\bin\java.dll
0x00007ffae8830000 - 0x00007ffae895b000 	C:\WINDOWS\System32\ole32.dll
0x00007ffae83d0000 - 0x00007ffae8723000 	C:\WINDOWS\System32\combase.dll
0x00007ffae7c60000 - 0x00007ffae83cd000 	C:\WINDOWS\System32\SHELL32.dll

dbghelp: loaded successfully - version: 4.0.5 - missing functions: none
symbol engine: initialized successfully - sym options: 0x614 - pdb path: .;C:\Users\Pithon\.p2\pool\plugins\org.eclipse.justj.openjdk.hotspot.jre.full.win32.x86_64_23.0.0.v20240919-1706\jre\bin;C:\WINDOWS\SYSTEM32;C:\WINDOWS\WinSxS\amd64_microsoft.windows.common-controls_6595b64144ccf1df_6.0.19041.4355_none_60b8b9eb71f62e16;C:\Users\Pithon\.p2\pool\plugins\org.eclipse.justj.openjdk.hotspot.jre.full.win32.x86_64_23.0.0.v20240919-1706\jre\bin\server

VM Arguments:
jvm_args: -Dfile.encoding=UTF-8 -Dstdout.encoding=UTF-8 -Dstderr.encoding=UTF-8 --module-path=C:\Users\Pithon\Documents\EstruturaDeDados\bin -XX:+ShowCodeDetailsInExceptionMessages -Djdk.module.main=EstruturaDeDados 
java_command: EstruturaDeDados/ListaPilha.Questao05
java_class_path (initial): <not set>
Launcher Type: SUN_STANDARD

[Global flags]
     intx CICompilerCount                          = 3                                         {product} {ergonomic}
     uint ConcGCThreads                            = 1                                         {product} {ergonomic}
     uint G1ConcRefinementThreads                  = 4                                         {product} {ergonomic}
   size_t G1HeapRegionSize                         = 1048576                                   {product} {ergonomic}
   size_t InitialHeapSize                          = 67108864                                  {product} {ergonomic}
   size_t MarkStackSize                            = 4194304                                   {product} {ergonomic}
   size_t MarkStackSizeMax                         = 536870912                                 {product} {ergonomic}
   size_t MaxHeapSize                              = 1052770304                                {product} {ergonomic}
   size_t MinHeapDeltaBytes                        = 1048576                                   {product} {ergonomic}
   size_t MinHeapSize                              = 8388608                                   {product} {ergonomic}
    uintx NonNMethodCodeHeapSize                   = 5832704                                {pd product} {ergonomic}
    uintx NonProfiledCodeHeapSize                  = 122945536                              {pd product} {ergonomic}
    uintx ProfiledCodeHeapSize                     = 122880000                              {pd product} {ergonomic}
    uintx ReservedCodeCacheSize                    = 251658240                              {pd product} {ergonomic}
     bool SegmentedCodeCache                       = true                                      {product} {ergonomic}
     bool ShowCodeDetailsInExceptionMessages       = true                                   {manageable} {command line}
   size_t SoftMaxHeapSize                          = 1052770304                             {manageable} {ergonomic}
     bool UseCompressedOops                        = true                           {product lp64_product} {ergonomic}
     bool UseG1GC                                  = true                                      {product} {ergonomic}
     bool UseLargePagesIndividualAllocation        = false                                  {pd product} {ergonomic}

Logging:
Log output configuration:
 #0: stdout all=warning uptime,level,tags foldmultilines=false
 #1: stderr all=off uptime,level,tags foldmultilines=false

Environment Variables:
PATH=C:/Users/Pithon/.p2/pool/plugins/org.eclipse.justj.openjdk.hotspot.jre.full.win32.x86_64_23.0.0.v20240919-1706/jre/bin/server;C:/Users/Pithon/.p2/pool/plugins/org.eclipse.justj.openjdk.hotspot.jre.full.win32.x86_64_23.0.0.v20240919-1706/jre/bin;C:\WINDOWS\system32;C:\WINDOWS;C:\WINDOWS\System32\Wbem;C:\WINDOWS\System32\WindowsPowerShell\v1.0\;C:\WINDOWS\System32\OpenSSH\;C:\Program Files\Git\cmd;C:\Program Files\nodejs\;C:\Users\Pithon\AppData\Local\Microsoft\WindowsApps;C:\Users\Pithon\AppData\Local\Programs\Microsoft VS Code\bin;C:\Users\Pithon\AppData\Roaming\npm;C:\Users\Pithon\Desktop;
USERNAME=Pithon
OS=Windows_NT
PROCESSOR_IDENTIFIER=Intel64 Family 6 Model 142 Stepping 10, GenuineIntel
TMP=C:\Users\Pithon\AppData\Local\Temp
TEMP=C:\Users\Pithon\AppData\Local\Temp




Periodic native trim disabled

---------------  S Y S T E M  ---------------

OS:
 Windows 10 , 64 bit Build 19041 (10.0.19041.5198)
OS uptime: 5 days 17:28 hours

CPU: total 4 (initial active 4) (2 cores per cpu, 2 threads per core) family 6 model 142 stepping 10 microcode 0xb4, cx8, cmov, fxsr, ht, mmx, 3dnowpref, sse, sse2, sse3, ssse3, sse4.1, sse4.2, popcnt, lzcnt, tsc, tscinvbit, avx, avx2, aes, erms, clmul, bmi1, bmi2, adx, fma, vzeroupper, clflush, clflushopt, rdtscp, f16c
Processor Information for processor 0
  Max Mhz: 2304, Current Mhz: 2304, Mhz Limit: 2304
Processor Information for processor 1
  Max Mhz: 2304, Current Mhz: 2304, Mhz Limit: 2304
Processor Information for processor 2
  Max Mhz: 2304, Current Mhz: 2304, Mhz Limit: 2304
Processor Information for processor 3
  Max Mhz: 2304, Current Mhz: 1402, Mhz Limit: 2304

Memory: 4k page, system-wide physical 4010M (418M free)
TotalPageFile size 4010M (AvailPageFile size 15M)
current process WorkingSet (physical memory assigned to process): 11M, peak: 11M
current process commit charge ("private bytes"): 52M, peak: 115M

vm_info: OpenJDK 64-Bit Server VM (23+37) for windows-amd64 JRE (23+37), built on 2024-09-17T00:00:00Z with MS VC++ 17.7 (VS2022)

END.
